Sat Nov  8 10:48:37 2025: Running xcd server. This server was built by gradle.
Sat Nov  8 10:48:37 2025: Server was asked to start on port: '34761'
Sat Nov  8 10:48:37 2025: Server is using token UUID: '8e65a0ea-2d42-47d6-b105-96943bbfd74a'
Sat Nov  8 10:48:37 2025: SESSION_MGR: creating session with session uuid: '6d04a3e9-ade5-4ab9-8d63-1f78fcd2ec76' and name 'default'
Sat Nov  8 10:48:37 2025: Attempting to start server on port '34761'
Sat Nov  8 10:48:37 2025: XCD main fifo: created main fifo '/tmp/xcdmain8e65a0ea-2d42-47d6-b105-96943bbfd74a', fd read = 13
Sat Nov  8 10:48:37 2025: Running Dispatch Server
Sat Nov  8 10:48:37 2025: Version 2.2.0
Sat Nov  8 10:48:46 2025: Dispatch Server: Accepted socket connection from client
Sat Nov  8 10:48:46 2025: Starting Socket connection
Sat Nov  8 10:48:46 2025: EXCHANGE_TOKEN received, server token: 8e65a0ea-2d42-47d6-b105-96943bbfd74a, passed token: 8e65a0ea-2d42-47d6-b105-96943bbfd74a
Sat Nov  8 10:48:46 2025: SESSION_MGR: creating session with session uuid: 'affafdcf-33ae-4b1e-b6f4-279afbc1c81b' and name 'vitis_hls'
Sat Nov  8 10:48:46 2025: KERNEL_SVC: creating session with uuid: 'affafdcf-33ae-4b1e-b6f4-279afbc1c81b' and name 'vitis_hls'
Sat Nov  8 10:48:46 2025: GUIDANCE_SMGR: creating guidance session with uuid: 'affafdcf-33ae-4b1e-b6f4-279afbc1c81b' and name 'vitis_hls'
Sat Nov  8 10:48:51 2025: STOP_SERVER received, server token: 8e65a0ea-2d42-47d6-b105-96943bbfd74a, passed token: 8e65a0ea-2d42-47d6-b105-96943bbfd74a
Sat Nov  8 10:48:51 2025: Socket received request to stop server.
Sat Nov  8 10:48:51 2025: Dispatch Server: do_await_stop
Sat Nov  8 10:48:51 2025: Dispatch Server: stopping mainFifo_
Sat Nov  8 10:48:51 2025: XCD main fifo: Stopping
Sat Nov  8 10:48:51 2025: XCD main fifo: do_read error code: Operation canceled
Sat Nov  8 10:48:51 2025: XCD main fifo: bytes_transferred: 0
Sat Nov  8 10:48:51 2025: SERVER: destructor for server bound to port 34761
Sat Nov  8 10:48:51 2025: XCD main fifo: Good unlink of /tmp/xcdmain8e65a0ea-2d42-47d6-b105-96943bbfd74a
Sat Nov  8 10:48:51 2025: Server exiting with status 0.
Sat Nov  8 10:48:51 2025: Closing log file.
Sat Nov  8 10:49:46 2025: Running xcd server. This server was built by gradle.
Sat Nov  8 10:49:46 2025: Server was asked to start on port: '37365'
Sat Nov  8 10:49:46 2025: Server is using token UUID: '36ac0586-d5af-4103-a256-5306243691ab'
Sat Nov  8 10:49:46 2025: SESSION_MGR: creating session with session uuid: '6d04a3e9-ade5-4ab9-8d63-1f78fcd2ec76' and name 'default'
Sat Nov  8 10:49:46 2025: Attempting to start server on port '37365'
Sat Nov  8 10:49:46 2025: XCD main fifo: created main fifo '/tmp/xcdmain36ac0586-d5af-4103-a256-5306243691ab', fd read = 13
Sat Nov  8 10:49:46 2025: Running Dispatch Server
Sat Nov  8 10:49:46 2025: Version 2.2.0
Sat Nov  8 10:49:55 2025: Dispatch Server: Accepted socket connection from client
Sat Nov  8 10:49:55 2025: Starting Socket connection
Sat Nov  8 10:49:55 2025: EXCHANGE_TOKEN received, server token: 36ac0586-d5af-4103-a256-5306243691ab, passed token: 36ac0586-d5af-4103-a256-5306243691ab
Sat Nov  8 10:49:55 2025: SESSION_MGR: creating session with session uuid: '0c4dabb3-9670-433b-979c-6e017e54a850' and name 'vitis_hls'
Sat Nov  8 10:49:55 2025: KERNEL_SVC: creating session with uuid: '0c4dabb3-9670-433b-979c-6e017e54a850' and name 'vitis_hls'
Sat Nov  8 10:49:55 2025: GUIDANCE_SMGR: creating guidance session with uuid: '0c4dabb3-9670-433b-979c-6e017e54a850' and name 'vitis_hls'
Sat Nov  8 10:50:12 2025: STOP_SERVER received, server token: 36ac0586-d5af-4103-a256-5306243691ab, passed token: 36ac0586-d5af-4103-a256-5306243691ab
Sat Nov  8 10:50:12 2025: Socket received request to stop server.
Sat Nov  8 10:50:12 2025: Dispatch Server: do_await_stop
Sat Nov  8 10:50:12 2025: Dispatch Server: stopping mainFifo_
Sat Nov  8 10:50:12 2025: XCD main fifo: Stopping
Sat Nov  8 10:50:12 2025: XCD main fifo: do_read error code: Operation canceled
Sat Nov  8 10:50:12 2025: XCD main fifo: bytes_transferred: 0
Sat Nov  8 10:50:12 2025: SERVER: destructor for server bound to port 37365
Sat Nov  8 10:50:12 2025: XCD main fifo: Good unlink of /tmp/xcdmain36ac0586-d5af-4103-a256-5306243691ab
Sat Nov  8 10:50:12 2025: Server exiting with status 0.
Sat Nov  8 10:50:12 2025: Closing log file.
Sat Nov  8 17:14:42 2025: Running xcd server. This server was built by gradle.
Sat Nov  8 17:14:42 2025: Server was asked to start on port: '41547'
Sat Nov  8 17:14:42 2025: Server is using token UUID: '60cfc830-28a1-40bf-b5fe-8b889f169e9d'
Sat Nov  8 17:14:42 2025: SESSION_MGR: creating session with session uuid: '6d04a3e9-ade5-4ab9-8d63-1f78fcd2ec76' and name 'default'
Sat Nov  8 17:14:42 2025: Attempting to start server on port '41547'
Sat Nov  8 17:14:42 2025: XCD main fifo: created main fifo '/tmp/xcdmain60cfc830-28a1-40bf-b5fe-8b889f169e9d', fd read = 13
Sat Nov  8 17:14:42 2025: Running Dispatch Server
Sat Nov  8 17:14:42 2025: Version 2.2.0
Sat Nov  8 17:14:51 2025: Dispatch Server: Accepted socket connection from client
Sat Nov  8 17:14:51 2025: Starting Socket connection
Sat Nov  8 17:14:51 2025: EXCHANGE_TOKEN received, server token: 60cfc830-28a1-40bf-b5fe-8b889f169e9d, passed token: 60cfc830-28a1-40bf-b5fe-8b889f169e9d
Sat Nov  8 17:14:51 2025: SESSION_MGR: creating session with session uuid: '6e5a4de2-2073-4b32-8cca-c045cec1ce06' and name 'vitis_hls'
Sat Nov  8 17:14:51 2025: KERNEL_SVC: creating session with uuid: '6e5a4de2-2073-4b32-8cca-c045cec1ce06' and name 'vitis_hls'
Sat Nov  8 17:14:51 2025: GUIDANCE_SMGR: creating guidance session with uuid: '6e5a4de2-2073-4b32-8cca-c045cec1ce06' and name 'vitis_hls'
Sat Nov  8 17:14:51 2025: STOP_SERVER received, server token: 60cfc830-28a1-40bf-b5fe-8b889f169e9d, passed token: 60cfc830-28a1-40bf-b5fe-8b889f169e9d
Sat Nov  8 17:14:51 2025: Socket received request to stop server.
Sat Nov  8 17:14:51 2025: Dispatch Server: do_await_stop
Sat Nov  8 17:14:51 2025: Dispatch Server: stopping mainFifo_
Sat Nov  8 17:14:51 2025: XCD main fifo: Stopping
Sat Nov  8 17:14:51 2025: XCD main fifo: do_read error code: Operation canceled
Sat Nov  8 17:14:51 2025: XCD main fifo: bytes_transferred: 0
Sat Nov  8 17:14:51 2025: SERVER: destructor for server bound to port 41547
Sat Nov  8 17:14:51 2025: XCD main fifo: Good unlink of /tmp/xcdmain60cfc830-28a1-40bf-b5fe-8b889f169e9d
Sat Nov  8 17:14:51 2025: Server exiting with status 0.
Sat Nov  8 17:14:51 2025: Closing log file.
Sat Nov  8 17:15:11 2025: Running xcd server. This server was built by gradle.
Sat Nov  8 17:15:11 2025: Server was asked to start on port: '40275'
Sat Nov  8 17:15:11 2025: Server is using token UUID: '6aab8439-0de1-43cc-8090-3d9205c3fcd9'
Sat Nov  8 17:15:11 2025: SESSION_MGR: creating session with session uuid: '6d04a3e9-ade5-4ab9-8d63-1f78fcd2ec76' and name 'default'
Sat Nov  8 17:15:11 2025: Attempting to start server on port '40275'
Sat Nov  8 17:15:11 2025: XCD main fifo: created main fifo '/tmp/xcdmain6aab8439-0de1-43cc-8090-3d9205c3fcd9', fd read = 13
Sat Nov  8 17:15:11 2025: Running Dispatch Server
Sat Nov  8 17:15:11 2025: Version 2.2.0
Sat Nov  8 17:15:21 2025: Dispatch Server: Accepted socket connection from client
Sat Nov  8 17:15:21 2025: Starting Socket connection
Sat Nov  8 17:15:21 2025: EXCHANGE_TOKEN received, server token: 6aab8439-0de1-43cc-8090-3d9205c3fcd9, passed token: 6aab8439-0de1-43cc-8090-3d9205c3fcd9
Sat Nov  8 17:15:21 2025: SESSION_MGR: creating session with session uuid: 'c08d1b32-3a5c-4fcb-88aa-881b8aef350e' and name 'vitis_hls'
Sat Nov  8 17:15:21 2025: KERNEL_SVC: creating session with uuid: 'c08d1b32-3a5c-4fcb-88aa-881b8aef350e' and name 'vitis_hls'
Sat Nov  8 17:15:21 2025: GUIDANCE_SMGR: creating guidance session with uuid: 'c08d1b32-3a5c-4fcb-88aa-881b8aef350e' and name 'vitis_hls'
Sat Nov  8 17:15:21 2025: STOP_SERVER received, server token: 6aab8439-0de1-43cc-8090-3d9205c3fcd9, passed token: 6aab8439-0de1-43cc-8090-3d9205c3fcd9
Sat Nov  8 17:15:21 2025: Socket received request to stop server.
Sat Nov  8 17:15:21 2025: Dispatch Server: do_await_stop
Sat Nov  8 17:15:21 2025: Dispatch Server: stopping mainFifo_
Sat Nov  8 17:15:21 2025: XCD main fifo: Stopping
Sat Nov  8 17:15:21 2025: XCD main fifo: do_read error code: Operation canceled
Sat Nov  8 17:15:21 2025: XCD main fifo: bytes_transferred: 0
Sat Nov  8 17:15:21 2025: SERVER: destructor for server bound to port 40275
Sat Nov  8 17:15:21 2025: XCD main fifo: Good unlink of /tmp/xcdmain6aab8439-0de1-43cc-8090-3d9205c3fcd9
Sat Nov  8 17:15:21 2025: Server exiting with status 0.
Sat Nov  8 17:15:21 2025: Closing log file.
Sat Nov  8 19:20:07 2025: Running xcd server. This server was built by gradle.
Sat Nov  8 19:20:07 2025: Server was asked to start on port: '39777'
Sat Nov  8 19:20:07 2025: Server is using token UUID: '7488d7d2-db88-4c3a-aa04-db24becf71a3'
Sat Nov  8 19:20:07 2025: SESSION_MGR: creating session with session uuid: '6d04a3e9-ade5-4ab9-8d63-1f78fcd2ec76' and name 'default'
Sat Nov  8 19:20:07 2025: Attempting to start server on port '39777'
Sat Nov  8 19:20:07 2025: XCD main fifo: created main fifo '/tmp/xcdmain7488d7d2-db88-4c3a-aa04-db24becf71a3', fd read = 13
Sat Nov  8 19:20:07 2025: Running Dispatch Server
Sat Nov  8 19:20:07 2025: Version 2.2.0
Sat Nov  8 19:20:16 2025: Dispatch Server: Accepted socket connection from client
Sat Nov  8 19:20:16 2025: Starting Socket connection
Sat Nov  8 19:20:16 2025: EXCHANGE_TOKEN received, server token: 7488d7d2-db88-4c3a-aa04-db24becf71a3, passed token: 7488d7d2-db88-4c3a-aa04-db24becf71a3
Sat Nov  8 19:20:16 2025: SESSION_MGR: creating session with session uuid: '06813811-5638-4bed-aad3-c5fba2373b9c' and name 'vitis_hls'
Sat Nov  8 19:20:16 2025: KERNEL_SVC: creating session with uuid: '06813811-5638-4bed-aad3-c5fba2373b9c' and name 'vitis_hls'
Sat Nov  8 19:20:16 2025: GUIDANCE_SMGR: creating guidance session with uuid: '06813811-5638-4bed-aad3-c5fba2373b9c' and name 'vitis_hls'
Sat Nov  8 19:20:16 2025: STOP_SERVER received, server token: 7488d7d2-db88-4c3a-aa04-db24becf71a3, passed token: 7488d7d2-db88-4c3a-aa04-db24becf71a3
Sat Nov  8 19:20:16 2025: Socket received request to stop server.
Sat Nov  8 19:20:16 2025: Dispatch Server: do_await_stop
Sat Nov  8 19:20:16 2025: Dispatch Server: stopping mainFifo_
Sat Nov  8 19:20:16 2025: XCD main fifo: Stopping
Sat Nov  8 19:20:16 2025: XCD main fifo: do_read error code: Operation canceled
Sat Nov  8 19:20:16 2025: XCD main fifo: bytes_transferred: 0
Sat Nov  8 19:20:16 2025: SERVER: destructor for server bound to port 39777
Sat Nov  8 19:20:16 2025: XCD main fifo: Good unlink of /tmp/xcdmain7488d7d2-db88-4c3a-aa04-db24becf71a3
Sat Nov  8 19:20:16 2025: Server exiting with status 0.
Sat Nov  8 19:20:16 2025: Closing log file.
